#
# There is insufficient memory for the Java Runtime Environment to continue.
# Native memory allocation (mmap) failed to map 266338304 bytes for G1 virtual space
# Possible reasons:
#   The system is out of physical RAM or swap space
#   The process is running with CompressedOops enabled, and the Java Heap may be blocking the growth of the native heap
# Possible solutions:
#   Reduce memory load on the system
#   Increase physical memory or swap space
#   Check if swap backing store is full
#   Decrease Java heap size (-Xmx/-Xms)
#   Decrease number of Java threads
#   Decrease Java thread stack sizes (-Xss)
#   Set larger code cache with -XX:ReservedCodeCacheSize=
#   JVM is running with Zero Based Compressed Oops mode in which the Java heap is
#     placed in the first 32GB address space. The Java Heap base address is the
#     maximum limit for the native heap growth. Please use -XX:HeapBaseMinAddress
#     to set the Java Heap base and to place the Java Heap above 32GB virtual address.
# This output file may be truncated or incomplete.
#
#  Out of Memory Error (os_windows.cpp:3557), pid=35536, tid=41008
#
# JRE version:  (17.0.6+10) (build )
# Java VM: OpenJDK 64-Bit Server VM (17.0.6+10, mixed mode, sharing, tiered, compressed oops, compressed class ptrs, g1 gc, windows-amd64)
# No core dump will be written. Minidumps are not enabled by default on client versions of Windows
#

---------------  S U M M A R Y ------------

Command Line: -Dfile.encoding=UTF-8 --module-path=C:\Users\Nitro 5\Downloads\mysql-connector-j-8.0.33\mysql-connector-j-8.0.33\mysql-connector-j-8.0.33.jar -XX:+ShowCodeDetailsInExceptionMessages javaFinal.Main

Host: 11th Gen Intel(R) Core(TM) i7-11800H @ 2.30GHz, 16 cores, 15G,  Windows 11 , 64 bit Build 22621 (10.0.22621.1485)
Time: Tue Apr 25 03:40:06 2023 SE Asia Standard Time elapsed time: 0.037596 seconds (0d 0h 0m 0s)

---------------  T H R E A D  ---------------

Current thread (0x000001ff293b7f40):  JavaThread "Unknown thread" [_thread_in_vm, id=41008, stack(0x0000007228400000,0x0000007228500000)]

Stack: [0x0000007228400000,0x0000007228500000]
Native frames: (J=compiled Java code, j=interpreted, Vv=VM code, C=native code)
V  [jvm.dll+0x67741a]
V  [jvm.dll+0x834434]
V  [jvm.dll+0x835bde]
V  [jvm.dll+0x836243]
V  [jvm.dll+0x2457b5]
V  [jvm.dll+0x674329]
V  [jvm.dll+0x6689da]
V  [jvm.dll+0x30489b]
V  [jvm.dll+0x30bd96]
V  [jvm.dll+0x35b57e]
V  [jvm.dll+0x35b7af]
V  [jvm.dll+0x2db778]
V  [jvm.dll+0x2dc6e4]
V  [jvm.dll+0x806131]
V  [jvm.dll+0x369331]
V  [jvm.dll+0x7e56ac]
V  [jvm.dll+0x3eb35f]
V  [jvm.dll+0x3ecea1]
C  [jli.dll+0x5267]
C  [ucrtbase.dll+0x29363]
C  [KERNEL32.DLL+0x1269d]
C  [ntdll.dll+0x5a9f8]


---------------  P R O C E S S  ---------------

Threads class SMR info:
_java_thread_list=0x00007ff88e0c5fd8, length=0, elements={
}

Java Threads: ( => current thread )

Other Threads:
  0x000001ff29423460 GCTaskThread "GC Thread#0" [stack: 0x0000007228500000,0x0000007228600000] [id=41480]
  0x000001ff29434150 ConcurrentGCThread "G1 Main Marker" [stack: 0x0000007228600000,0x0000007228700000] [id=36300]
  0x000001ff294361b0 ConcurrentGCThread "G1 Conc#0" [stack: 0x0000007228700000,0x0000007228800000] [id=7464]

[error occurred during error reporting (printing all threads), id 0xc0000005, EXCEPTION_ACCESS_VIOLATION (0xc0000005) at pc=0x00007ff88d89c1e7]

VM state: not at safepoint (not fully initialized)

VM Mutex/Monitor currently owned by a thread:  ([mutex/lock_event])
[0x000001ff2716b5b0] Heap_lock - owner thread: 0x000001ff293b7f40

Heap address: 0x0000000703a00000, size: 4038 MB, Compressed Oops mode: Zero based, Oop shift amount: 3

CDS archive(s) mapped at: [0x0000000000000000-0x0000000000000000-0x0000000000000000), size 0, SharedBaseAddress: 0x0000000800000000, ArchiveRelocationMode: 0.
Narrow klass base: 0x0000000000000000, Narrow klass shift: 0, Narrow klass range: 0x0

GC Precious Log:
<Empty>

Heap:
 garbage-first heap   total 0K, used 0K [0x0000000703a00000, 0x0000000800000000)
  region size 2048K, 0 young (0K), 0 survivors (0K)

[error occurred during error reporting (printing heap information), id 0xc0000005, EXCEPTION_ACCESS_VIOLATION (0xc0000005) at pc=0x00007ff88dc806f9]

GC Heap History (0 events):
No events

Dll operation events (1 events):
Event: 0.031 Loaded shared library C:\Users\Nitro 5\.p2\pool\plugins\org.eclipse.justj.openjdk.hotspot.jre.full.win32.x86_64_17.0.6.v20230204-1729\jre\bin\java.dll

Deoptimization events (0 events):
No events

Classes unloaded (0 events):
No events

Classes redefined (0 events):
No events

Internal exceptions (0 events):
No events

VM Operations (0 events):
No events

Events (0 events):
No events


Dynamic libraries:
0x00007ff7560d0000 - 0x00007ff7560de000 	C:\Users\Nitro 5\.p2\pool\plugins\org.eclipse.justj.openjdk.hotspot.jre.full.win32.x86_64_17.0.6.v20230204-1729\jre\bin\javaw.exe
0x00007ff8fdc30000 - 0x00007ff8fde44000 	C:\WINDOWS\SYSTEM32\ntdll.dll
0x00007ff8fccd0000 - 0x00007ff8fcd92000 	C:\WINDOWS\System32\KERNEL32.DLL
0x00007ff8fb6a0000 - 0x00007ff8fba3c000 	C:\WINDOWS\System32\KERNELBASE.dll
0x00007ff8f5700000 - 0x00007ff8f5796000 	C:\WINDOWS\SYSTEM32\apphelp.dll
0x00007ff8fb3b0000 - 0x00007ff8fb4c1000 	C:\WINDOWS\System32\ucrtbase.dll
0x00007ff8e3c40000 - 0x00007ff8e3c57000 	C:\Users\Nitro 5\.p2\pool\plugins\org.eclipse.justj.openjdk.hotspot.jre.full.win32.x86_64_17.0.6.v20230204-1729\jre\bin\jli.dll
0x00007ff8e3bf0000 - 0x00007ff8e3c09000 	C:\Users\Nitro 5\.p2\pool\plugins\org.eclipse.justj.openjdk.hotspot.jre.full.win32.x86_64_17.0.6.v20230204-1729\jre\bin\VCRUNTIME140.dll
0x00007ff8fce70000 - 0x00007ff8fd01b000 	C:\WINDOWS\System32\USER32.dll
0x00007ff8dc2c0000 - 0x00007ff8dc54e000 	C:\WINDOWS\WinSxS\amd64_microsoft.windows.common-controls_6595b64144ccf1df_6.0.22621.608_none_a9444ca7c10bb01d\COMCTL32.dll
0x00007ff8fb5f0000 - 0x00007ff8fb616000 	C:\WINDOWS\System32\win32u.dll
0x00007ff8fc950000 - 0x00007ff8fc9f7000 	C:\WINDOWS\System32\msvcrt.dll
0x00007ff8fba40000 - 0x00007ff8fba69000 	C:\WINDOWS\System32\GDI32.dll
0x00007ff8fb4d0000 - 0x00007ff8fb5e3000 	C:\WINDOWS\System32\gdi32full.dll
0x00007ff8fb070000 - 0x00007ff8fb10a000 	C:\WINDOWS\System32\msvcp_win.dll
0x00007ff8fce20000 - 0x00007ff8fce51000 	C:\WINDOWS\System32\IMM32.DLL
0x00007ff8e41d0000 - 0x00007ff8e41dc000 	C:\Users\Nitro 5\.p2\pool\plugins\org.eclipse.justj.openjdk.hotspot.jre.full.win32.x86_64_17.0.6.v20230204-1729\jre\bin\vcruntime140_1.dll
0x00007ff893bb0000 - 0x00007ff893c41000 	C:\Users\Nitro 5\.p2\pool\plugins\org.eclipse.justj.openjdk.hotspot.jre.full.win32.x86_64_17.0.6.v20230204-1729\jre\bin\msvcp140.dll
0x00007ff88d5b0000 - 0x00007ff88e1f7000 	C:\Users\Nitro 5\.p2\pool\plugins\org.eclipse.justj.openjdk.hotspot.jre.full.win32.x86_64_17.0.6.v20230204-1729\jre\bin\server\jvm.dll
0x00007ff8fcb40000 - 0x00007ff8fcbee000 	C:\WINDOWS\System32\ADVAPI32.dll
0x00007ff8fd220000 - 0x00007ff8fd2c4000 	C:\WINDOWS\System32\sechost.dll
0x00007ff8fd750000 - 0x00007ff8fd867000 	C:\WINDOWS\System32\RPCRT4.dll
0x00007ff8e7010000 - 0x00007ff8e7019000 	C:\WINDOWS\SYSTEM32\WSOCK32.dll
0x00007ff8efcd0000 - 0x00007ff8efcda000 	C:\WINDOWS\SYSTEM32\VERSION.dll
0x00007ff8f10d0000 - 0x00007ff8f1104000 	C:\WINDOWS\SYSTEM32\WINMM.dll
0x00007ff8fcda0000 - 0x00007ff8fce11000 	C:\WINDOWS\System32\WS2_32.dll
0x00007ff8fa160000 - 0x00007ff8fa178000 	C:\WINDOWS\SYSTEM32\kernel.appcore.dll
0x00007ff8e6f90000 - 0x00007ff8e6f9a000 	C:\Users\Nitro 5\.p2\pool\plugins\org.eclipse.justj.openjdk.hotspot.jre.full.win32.x86_64_17.0.6.v20230204-1729\jre\bin\jimage.dll
0x00007ff8f8ac0000 - 0x00007ff8f8cee000 	C:\WINDOWS\SYSTEM32\DBGHELP.DLL
0x00007ff8fba70000 - 0x00007ff8fbdf9000 	C:\WINDOWS\System32\combase.dll
0x00007ff8fd140000 - 0x00007ff8fd217000 	C:\WINDOWS\System32\OLEAUT32.dll
0x00007ff8dda90000 - 0x00007ff8ddac2000 	C:\WINDOWS\SYSTEM32\dbgcore.DLL
0x00007ff8fb620000 - 0x00007ff8fb69b000 	C:\WINDOWS\System32\bcryptPrimitives.dll
0x00007ff8d5f10000 - 0x00007ff8d5f35000 	C:\Users\Nitro 5\.p2\pool\plugins\org.eclipse.justj.openjdk.hotspot.jre.full.win32.x86_64_17.0.6.v20230204-1729\jre\bin\java.dll

dbghelp: loaded successfully - version: 4.0.5 - missing functions: none
symbol engine: initialized successfully - sym options: 0x614 - pdb path: .;C:\Users\Nitro 5\.p2\pool\plugins\org.eclipse.justj.openjdk.hotspot.jre.full.win32.x86_64_17.0.6.v20230204-1729\jre\bin;C:\WINDOWS\SYSTEM32;C:\WINDOWS\WinSxS\amd64_microsoft.windows.common-controls_6595b64144ccf1df_6.0.22621.608_none_a9444ca7c10bb01d;C:\Users\Nitro 5\.p2\pool\plugins\org.eclipse.justj.openjdk.hotspot.jre.full.win32.x86_64_17.0.6.v20230204-1729\jre\bin\server

VM Arguments:
jvm_args: -Dfile.encoding=UTF-8 --module-path=C:\Users\Nitro 5\Downloads\mysql-connector-j-8.0.33\mysql-connector-j-8.0.33\mysql-connector-j-8.0.33.jar -XX:+ShowCodeDetailsInExceptionMessages 
java_command: javaFinal.Main
java_class_path (initial): D:\eclipse-workspace\javaFinal\bin
Launcher Type: SUN_STANDARD

[Global flags]
     intx CICompilerCount                          = 12                                        {product} {ergonomic}
     uint ConcGCThreads                            = 3                                         {product} {ergonomic}
     uint G1ConcRefinementThreads                  = 13                                        {product} {ergonomic}
   size_t G1HeapRegionSize                         = 2097152                                   {product} {ergonomic}
    uintx GCDrainStackTargetSize                   = 64                                        {product} {ergonomic}
   size_t InitialHeapSize                          = 266338304                                 {product} {ergonomic}
   size_t MarkStackSize                            = 4194304                                   {product} {ergonomic}
   size_t MaxHeapSize                              = 4234149888                                {product} {ergonomic}
   size_t MinHeapDeltaBytes                        = 2097152                                   {product} {ergonomic}
   size_t MinHeapSize                              = 8388608                                   {product} {ergonomic}
    uintx NonNMethodCodeHeapSize                   = 7602480                                {pd product} {ergonomic}
    uintx NonProfiledCodeHeapSize                  = 122027880                              {pd product} {ergonomic}
    uintx ProfiledCodeHeapSize                     = 122027880                              {pd product} {ergonomic}
    uintx ReservedCodeCacheSize                    = 251658240                              {pd product} {ergonomic}
     bool SegmentedCodeCache                       = true                                      {product} {ergonomic}
     bool ShowCodeDetailsInExceptionMessages       = true                                   {manageable} {command line}
   size_t SoftMaxHeapSize                          = 4234149888                             {manageable} {ergonomic}
     bool UseCompressedClassPointers               = true                           {product lp64_product} {ergonomic}
     bool UseCompressedOops                        = true                           {product lp64_product} {ergonomic}
     bool UseG1GC                                  = true                                      {product} {ergonomic}
     bool UseLargePagesIndividualAllocation        = false                                  {pd product} {ergonomic}

Logging:
Log output configuration:
 #0: stdout all=warning uptime,level,tags
 #1: stderr all=off uptime,level,tags

Environment Variables:
PATH=C:/Users/Nitro 5/.p2/pool/plugins/org.eclipse.justj.openjdk.hotspot.jre.full.win32.x86_64_17.0.6.v20230204-1729/jre/bin/server;C:/Users/Nitro 5/.p2/pool/plugins/org.eclipse.justj.openjdk.hotspot.jre.full.win32.x86_64_17.0.6.v20230204-1729/jre/bin;C:\Windows\system32;C:\Windows;C:\Windows\System32\Wbem;C:\Windows\System32\WindowsPowerShell\v1.0\;C:\Windows\System32\OpenSSH\;C:\Program Files (x86)\NVIDIA Corporation\PhysX\Common;C:\Program Files\NVIDIA Corporation\NVIDIA NvDLISR;C:\WINDOWS\system32;C:\WINDOWS;C:\WINDOWS\System32\Wbem;C:\WINDOWS\System32\WindowsPowerShell\v1.0\;C:\WINDOWS\System32\OpenSSH\;C:\Users\Nitro 5\AppData\Local\Microsoft\WindowsApps;;C:\Users\Nitro 5\AppData\Local\Programs\Microsoft VS Code\bin;C:\WINDOWS\System32;
USERNAME=Nitro 5
OS=Windows_NT
PROCESSOR_IDENTIFIER=Intel64 Family 6 Model 141 Stepping 1, GenuineIntel
TMP=C:\Users\NITRO5~1\AppData\Local\Temp
TEMP=C:\Users\NITRO5~1\AppData\Local\Temp



---------------  S Y S T E M  ---------------

OS:
 Windows 11 , 64 bit Build 22621 (10.0.22621.1485)
OS uptime: 6 days 2:44 hours

CPU: total 16 (initial active 16) (8 cores per cpu, 2 threads per core) family 6 model 141 stepping 1 microcode 0x3c, cx8, cmov, fxsr, ht, mmx, 3dnowpref, sse, sse2, sse3, ssse3, sse4.1, sse4.2, popcnt, lzcnt, tsc, tscinvbit, avx, avx2, aes, erms, clmul, bmi1, bmi2, adx, avx512f, avx512dq, avx512cd, avx512bw, avx512vl, sha, fma, vzeroupper, avx512_vpopcntdq, avx512_vpclmulqdq, avx512_vaes, avx512_vnni, clflush, clflushopt, clwb, avx512_vbmi2, avx512_vbmi

Memory: 4k page, system-wide physical 16147M (2986M free)
TotalPageFile size 41727M (AvailPageFile size 170M)
current process WorkingSet (physical memory assigned to process): 12M, peak: 12M
current process commit charge ("private bytes"): 70M, peak: 324M

vm_info: OpenJDK 64-Bit Server VM (17.0.6+10) for windows-amd64 JRE (17.0.6+10), built on Jan 18 2023 10:08:59 by "temurin" with MS VC++ 16.7 (VS2019)

END.
